<?xml version="1.0" encoding="UTF-8"?>
<!-- Generated by org.testng.reporters.JUnitXMLReporter -->
<testsuite hostname="Admin-PC" ignored="0" name="Login Logout" tests="3" failures="0" timestamp="25 Dec 2016 05:30:05 GMT" time="239.625" errors="0">
  <testcase name="VerifyLoginSuccess" time="79.385" classname="com.aeps.testscript.AddToCart"/>
  <testcase name="VerifyLoginSuccess" time="13.179" classname="com.aeps.testscript.LoginInAEPS"/>
  <testcase name="VerifyLoginValidation" time="6.688" classname="com.aeps.testscript.InValidLoginVallidation"/>
</testsuite> <!-- Login Logout -->
