<?xml version="1.0" encoding="UTF-8"?>
<!-- Generated by org.testng.reporters.JUnitXMLReporter -->
<testsuite hostname="karthickmasan" ignored="0" name="Default test" tests="4" failures="0" timestamp="30 Dec 2016 16:26:36 GMT" time="10.429" errors="0">
  <testcase name="testData" time="0.093" classname="com.aeps.dataprovider.DataProviders"/>
  <testcase name="testData" time="0.005" classname="com.aeps.dataprovider.DataProviders"/>
  <testcase name="testData" time="0.007" classname="com.aeps.dataprovider.DataProviders"/>
  <testcase name="testData" time="0.011" classname="com.aeps.dataprovider.DataProviders"/>
</testsuite> <!-- Default test -->
